{"meta": {"format": 2, "version": "7.5.1", "timestamp": "2024-05-14T10:27:39.265647", "branch_coverage": false, "show_contexts": false}, "files": {"/home/lauri/repositories/matid/matid/__init__.py": {"executed_lines": [1, 2, 3, 4], "summary": {"covered_lines": 4, "num_statements": 4, "percent_covered": 100.0, "percent_covered_display": "100", "missing_lines": 0, "excluded_lines": 0}, "missing_lines": [], "excluded_lines": []}, "/home/lauri/repositories/matid/matid/classification/__init__.py": {"executed_lines": [1, 2], "summary": {"covered_lines": 2, "num_statements": 2, "percent_covered": 100.0, "percent_covered_display": "100", "missing_lines": 0, "excluded_lines": 0}, "missing_lines": [], "excluded_lines": []}, "/home/lauri/repositories/matid/matid/classification/classifications.py": {"executed_lines": [1, 2, 3, 8, 9, 14, 15, 20, 21, 28, 29, 34, 35, 39, 44, 45, 47, 48, 49, 51, 52, 53, 55, 56, 57, 59, 60, 61, 63, 64, 65, 67, 68, 69, 71, 72, 73, 75, 76, 77, 80, 81, 84, 85, 90, 91, 96, 97], "summary": {"covered_lines": 39, "num_statements": 39, "percent_covered": 100.0, "percent_covered_display": "100", "missing_lines": 0, "excluded_lines": 0}, "missing_lines": [], "excluded_lines": []}, "/home/lauri/repositories/matid/matid/classification/classifier.py": {"executed_lines": [1, 3, 13, 14, 15, 18, 19, 27, 104, 105, 106, 107, 108, 109, 110, 111, 112, 113, 114, 115, 116, 117, 118, 119, 120, 121, 122, 123, 124, 125, 126, 127, 130, 131, 132, 138, 141, 142, 148, 149, 156, 168, 169, 170, 175, 176, 178, 182, 183, 187, 188, 192, 193, 194, 195, 196, 197, 199, 200, 204, 205, 210, 213, 214, 217, 218, 221, 222, 223, 226, 227, 230, 231, 234, 235, 236, 240, 241, 243, 244, 245, 246, 247, 248, 249, 250, 251, 252, 260, 262, 266, 267, 268, 272, 273, 274, 275, 276, 277, 284, 285, 286, 287, 289, 290, 291, 293, 296, 297, 299, 301, 315, 316, 322, 323, 324, 325, 327, 334, 344, 345, 346, 350, 351, 355, 356, 357, 358], "summary": {"covered_lines": 127, "num_statements": 140, "percent_covered": 90.71428571428571, "percent_covered_display": "91", "missing_lines": 13, "excluded_lines": 0}, "missing_lines": [134, 143, 150, 171, 172, 201, 202, 206, 207, 254, 255, 256, 257], "excluded_lines": []}, "/home/lauri/repositories/matid/matid/clustering/__init__.py": {"executed_lines": [1, 2], "summary": {"covered_lines": 2, "num_statements": 2, "percent_covered": 100.0, "percent_covered_display": "100", "missing_lines": 0, "excluded_lines": 0}, "missing_lines": [], "excluded_lines": []}, "/home/lauri/repositories/matid/matid/clustering/cluster.py": {"executed_lines": [1, 2, 4, 7, 8, 17, 48, 49, 51, 52, 54, 55, 56, 57, 58, 59, 60, 61, 62, 64, 67, 69, 70, 73, 75, 83, 85, 87, 92, 93, 98], "summary": {"covered_lines": 30, "num_statements": 36, "percent_covered": 83.33333333333333, "percent_covered_display": "83", "missing_lines": 6, "excluded_lines": 0}, "missing_lines": [65, 77, 78, 79, 80, 81], "excluded_lines": []}, "/home/lauri/repositories/matid/matid/clustering/sbc.py": {"executed_lines": [1, 3, 4, 6, 7, 8, 11, 12, 22, 72, 75, 81, 82, 83, 84, 85, 86, 87, 89, 92, 93, 94, 95, 96, 97, 98, 99, 100, 101, 102, 103, 104, 105, 106, 107, 108, 111, 113, 114, 117, 120, 123, 124, 125, 126, 127, 141, 142, 146, 147, 148, 149, 150, 161, 166, 172, 178, 180, 182, 189, 197, 198, 202, 203, 204, 207, 212, 216, 218, 227, 229, 230, 231, 232, 235, 236, 237, 241, 242, 243, 244, 250, 255, 256, 257, 258, 259, 260, 262, 263, 265, 267, 283, 284, 285, 286, 287, 292, 293, 294, 299, 300, 301, 302, 303, 304, 305, 307, 308, 309, 310, 311, 312, 314, 328, 329, 334, 335, 336], "summary": {"covered_lines": 118, "num_statements": 120, "percent_covered": 98.33333333333333, "percent_covered_display": "98", "missing_lines": 2, "excluded_lines": 0}, "missing_lines": [199, 200], "excluded_lines": []}, "/home/lauri/repositories/matid/matid/core/__init__.py": {"executed_lines": [1], "summary": {"covered_lines": 1, "num_statements": 1, "percent_covered": 100.0, "percent_covered_display": "100", "missing_lines": 0, "excluded_lines": 0}, "missing_lines": [], "excluded_lines": []}, "/home/lauri/repositories/matid/matid/core/distances.py": {"executed_lines": [1, 2, 6, 15, 16, 17, 18, 19, 20], "summary": {"covered_lines": 8, "num_statements": 8, "percent_covered": 100.0, "percent_covered_display": "100", "missing_lines": 0, "excluded_lines": 0}, "missing_lines": [], "excluded_lines": []}, "/home/lauri/repositories/matid/matid/core/lattice.py": {"executed_lines": [], "summary": {"covered_lines": 0, "num_statements": 66, "percent_covered": 0.0, "percent_covered_display": "0", "missing_lines": 66, "excluded_lines": 0}, "missing_lines": [1, 4, 11, 28, 29, 30, 31, 32, 33, 35, 36, 38, 40, 41, 45, 46, 47, 49, 59, 61, 71, 73, 74, 75, 76, 77, 78, 80, 81, 85, 87, 88, 89, 90, 91, 94, 95, 96, 98, 99, 103, 105, 106, 110, 112, 113, 117, 119, 120, 124, 126, 127, 131, 132, 134, 135, 139, 141, 149, 150, 151, 152, 153, 154, 156, 161], "excluded_lines": []}, "/home/lauri/repositories/matid/matid/core/linkedunits.py": {"executed_lines": [1, 2, 4, 5, 6, 8, 9, 11, 14, 15, 22, 43, 44, 45, 46, 47, 48, 49, 50, 51, 52, 53, 54, 55, 56, 57, 58, 59, 60, 61, 62, 63, 64, 65, 66, 68, 70, 71, 76, 82, 85, 87, 104, 114, 116, 117, 118, 119, 120, 122, 123, 124, 127, 128, 129, 130, 132, 133, 135, 136, 137, 140, 141, 143, 145, 149, 150, 151, 152, 153, 154, 155, 158, 159, 160, 161, 162, 163, 165, 173, 175, 176, 177, 178, 179, 180, 181, 183, 186, 188, 189, 194, 195, 196, 203, 204, 207, 208, 212, 214, 216, 220, 221, 222, 224, 226, 234, 235, 236, 238, 239, 240, 241, 243, 244, 246, 248, 249, 250, 251, 253, 255, 257, 263, 265, 266, 267, 268, 269, 271, 273, 275, 276, 277, 278, 279, 280, 281, 283, 285, 289, 290, 293, 294, 296, 298, 311, 312, 313, 317, 318, 319, 320, 321, 323, 324, 325, 326, 327, 328, 330, 332, 334, 336, 338, 348, 349, 352, 354, 359, 360, 361, 362, 365, 372, 373, 376, 377, 378, 398, 400, 407, 409, 410, 411, 412, 413, 416, 417, 420, 423, 424, 425, 426, 427, 428, 429, 431, 433, 435, 437, 438, 441, 445, 447, 449, 451, 455, 456, 457, 458, 460, 462, 470, 471, 472, 473, 474, 476, 477, 478, 479, 480, 481, 482, 484, 486, 487, 489, 491, 495, 496, 497, 498, 499, 500, 501, 502, 503, 504, 505, 506, 507, 508, 509, 510, 511, 512, 513, 514, 516, 517, 518, 521, 522, 526, 549, 550, 551, 552, 553, 554, 555, 558, 559, 561, 570, 571, 572], "summary": {"covered_lines": 266, "num_statements": 277, "percent_covered": 96.028880866426, "percent_covered_display": "96", "missing_lines": 11, "excluded_lines": 0}, "missing_lines": [72, 73, 77, 83, 92, 96, 97, 98, 99, 100, 102], "excluded_lines": []}, "/home/lauri/repositories/matid/matid/core/periodicfinder.py": {"executed_lines": [1, 2, 4, 5, 6, 8, 9, 10, 11, 12, 15, 16, 22, 25, 26, 27, 30, 33, 34, 36, 53, 54, 55, 56, 57, 59, 94, 95, 96, 97, 100, 101, 103, 104, 105, 106, 123, 124, 125, 127, 133, 145, 146, 148, 151, 162, 164, 165, 166, 168, 169, 170, 172, 183, 187, 188, 191, 192, 195, 196, 199, 200, 201, 202, 203, 205, 207, 235, 236, 240, 241, 242, 243, 244, 245, 246, 247, 248, 249, 251, 252, 253, 254, 255, 256, 258, 261, 265, 266, 267, 268, 269, 270, 272, 273, 275, 276, 277, 278, 281, 284, 285, 286, 287, 290, 294, 295, 296, 297, 301, 302, 303, 304, 305, 306, 307, 310, 313, 317, 318, 319, 320, 321, 322, 323, 324, 327, 330, 333, 337, 338, 339, 349, 354, 355, 358, 359, 360, 361, 364, 365, 367, 368, 371, 372, 373, 374, 375, 376, 377, 378, 379, 380, 381, 384, 393, 398, 399, 409, 410, 420, 423, 424, 431, 432, 437, 439, 443, 446, 450, 451, 452, 453, 454, 455, 458, 459, 460, 463, 464, 465, 466, 467, 468, 470, 472, 477, 478, 479, 480, 481, 482, 483, 486, 489, 494, 495, 496, 497, 498, 500, 501, 502, 506, 509, 512, 513, 515, 516, 520, 523, 524, 525, 526, 529, 530, 531, 532, 535, 537, 565, 566, 567, 568, 569, 570, 574, 575, 576, 577, 578, 579, 580, 581, 582, 583, 586, 587, 588, 590, 591, 592, 593, 594, 595, 596, 597, 598, 602, 603, 604, 605, 606, 610, 621, 622, 623, 624, 625, 626, 627, 628, 629, 630, 631, 633, 634, 636, 639, 661, 665, 666, 667, 668, 669, 670, 676, 677, 678, 679, 680, 682, 683, 684, 686, 688, 725, 731, 732, 733, 734, 737, 738, 739, 740, 742, 743, 744, 745, 746, 747, 748, 749, 750, 751, 752, 753, 755, 756, 759, 763, 766, 768, 773, 774, 775, 776, 777, 778, 779, 781, 782, 787, 788, 797, 800, 801, 802, 803, 806, 807, 810, 814, 815, 816, 818, 819, 820, 821, 822, 823, 824, 825, 826, 827, 828, 829, 830, 832, 833, 834, 841, 842, 845, 846, 847, 851, 852, 853, 856, 857, 858, 860, 861, 862, 865, 868, 870, 877, 879, 881, 914, 918, 919, 920, 921, 927, 928, 929, 930, 931, 934, 935, 936, 937, 939, 940, 941, 942, 943, 944, 945, 946, 947, 948, 949, 950, 952, 953, 956, 962, 963, 966, 967, 968, 969, 970, 971, 974, 975, 976, 977, 979, 980, 981, 982, 983, 985, 986, 988, 991, 994, 995, 996, 997, 1000, 1001, 1004, 1008, 1009, 1010, 1011, 1012, 1013, 1015, 1016, 1017, 1018, 1019, 1020, 1021, 1025, 1026, 1029, 1030, 1033, 1034, 1035, 1039, 1040, 1041, 1044, 1045, 1046, 1047, 1049, 1050, 1051, 1054, 1059, 1061, 1068, 1070, 1072, 1088, 1089, 1090, 1092, 1093, 1094, 1095, 1098, 1101, 1102, 1105, 1106, 1107, 1111, 1112, 1113, 1114, 1115, 1116, 1117, 1118, 1119, 1120, 1121, 1122, 1123, 1124, 1125, 1130, 1131, 1132, 1133, 1134, 1137, 1140, 1141, 1145, 1146, 1147, 1148, 1149, 1153, 1154, 1159, 1160, 1163, 1167, 1168, 1169, 1170, 1176, 1177, 1179, 1183, 1185, 1188, 1189, 1192, 1193, 1194, 1195, 1196, 1197, 1198, 1199, 1202, 1203, 1204, 1205, 1208, 1209, 1210, 1211, 1212, 1216, 1218, 1219, 1220, 1221, 1222, 1225, 1226, 1227, 1228, 1229, 1230, 1231, 1235, 1236, 1237, 1239, 1243, 1245, 1247, 1275, 1276, 1277, 1278, 1281, 1282, 1283, 1284, 1285, 1286, 1287, 1289, 1290, 1291, 1292, 1293, 1303, 1306, 1323, 1324, 1325, 1326, 1332, 1333, 1335, 1351, 1353, 1358, 1359, 1360, 1361, 1362, 1364, 1366, 1405, 1406, 1408, 1412, 1415, 1418, 1419, 1421, 1422, 1423, 1424, 1425, 1428, 1429, 1432, 1435, 1440, 1441, 1442, 1446, 1449, 1450, 1451, 1452, 1453, 1454, 1455, 1456, 1457, 1458, 1459, 1464, 1465, 1466, 1467, 1469, 1470, 1471, 1472, 1473, 1475, 1476, 1477, 1480, 1481, 1504, 1513, 1516, 1522, 1525, 1527, 1575, 1576, 1577, 1578, 1581, 1582, 1584, 1586, 1587, 1590, 1591, 1592, 1594, 1595, 1596, 1597, 1598, 1599, 1601, 1604, 1605, 1611, 1619, 1626, 1627, 1628, 1630, 1633, 1635, 1642, 1644, 1649, 1650, 1652, 1653, 1656, 1657, 1658, 1662, 1663, 1665, 1666, 1667, 1668, 1670, 1671, 1674, 1675, 1676, 1677, 1678, 1679, 1680, 1682, 1683, 1684, 1690], "summary": {"covered_lines": 699, "num_statements": 713, "percent_covered": 98.03646563814867, "percent_covered_display": "98", "missing_lines": 14, "excluded_lines": 0}, "missing_lines": [394, 421, 435, 436, 510, 533, 662, 795, 796, 866, 1055, 1416, 1417, 1631], "excluded_lines": []}, "/home/lauri/repositories/matid/matid/core/system.py": {"executed_lines": [1, 2, 3, 6, 7, 27, 45, 46, 48, 49, 51, 57, 59, 75, 91, 101, 110, 117, 119, 130, 138], "summary": {"covered_lines": 21, "num_statements": 26, "percent_covered": 80.76923076923077, "percent_covered_display": "81", "missing_lines": 5, "excluded_lines": 0}, "missing_lines": [71, 87, 99, 108, 128], "excluded_lines": []}, "/home/lauri/repositories/matid/matid/data/__init__.py": {"executed_lines": [1], "summary": {"covered_lines": 0, "num_statements": 0, "percent_covered": 100.0, "percent_covered_display": "100", "missing_lines": 0, "excluded_lines": 0}, "missing_lines": [], "excluded_lines": []}, "/home/lauri/repositories/matid/matid/data/alphabet_data.py": {"executed_lines": [], "summary": {"covered_lines": 0, "num_statements": 1, "percent_covered": 0.0, "percent_covered_display": "0", "missing_lines": 1, "excluded_lines": 0}, "missing_lines": [1], "excluded_lines": []}, "/home/lauri/repositories/matid/matid/data/constants.py": {"executed_lines": [3, 8, 11, 12, 18, 19, 20, 21, 25, 26, 27, 28, 29, 30, 31, 32], "summary": {"covered_lines": 16, "num_statements": 16, "percent_covered": 100.0, "percent_covered_display": "100", "missing_lines": 0, "excluded_lines": 0}, "missing_lines": [], "excluded_lines": []}, "/home/lauri/repositories/matid/matid/data/element_data.py": {"executed_lines": [1, 5, 6, 8, 113, 221, 329, 360, 382, 409], "summary": {"covered_lines": 9, "num_statements": 42, "percent_covered": 21.428571428571427, "percent_covered_display": "21", "missing_lines": 33, "excluded_lines": 0}, "missing_lines": [342, 346, 347, 349, 350, 351, 352, 353, 354, 355, 356, 357, 371, 372, 373, 374, 376, 377, 378, 379, 395, 396, 398, 399, 400, 401, 405, 406, 415, 416, 418, 419, 421], "excluded_lines": []}, "/home/lauri/repositories/matid/matid/data/symmetry_data.py": {"executed_lines": [1, 3, 616, 42148], "summary": {"covered_lines": 4, "num_statements": 4, "percent_covered": 100.0, "percent_covered_display": "100", "missing_lines": 0, "excluded_lines": 0}, "missing_lines": [], "excluded_lines": []}, "/home/lauri/repositories/matid/matid/geometry/__init__.py": {"executed_lines": [1], "summary": {"covered_lines": 1, "num_statements": 1, "percent_covered": 100.0, "percent_covered_display": "100", "missing_lines": 0, "excluded_lines": 0}, "missing_lines": [], "excluded_lines": []}, "/home/lauri/repositories/matid/matid/geometry/geometry.py": {"executed_lines": [1, 5, 6, 7, 9, 10, 12, 13, 14, 15, 17, 18, 19, 20, 21, 22, 24, 26, 27, 30, 66, 67, 68, 69, 74, 75, 76, 79, 80, 81, 88, 89, 92, 95, 100, 101, 104, 105, 106, 107, 108, 109, 110, 111, 118, 119, 120, 123, 126, 130, 132, 134, 135, 137, 140, 153, 154, 156, 157, 158, 160, 171, 172, 173, 174, 175, 176, 178, 179, 180, 184, 185, 187, 192, 193, 195, 196, 197, 203, 204, 205, 206, 207, 209, 213, 214, 215, 218, 222, 226, 227, 228, 229, 230, 231, 232, 233, 235, 238, 239, 240, 241, 242, 243, 244, 245, 246, 247, 248, 251, 252, 253, 254, 255, 257, 258, 261, 302, 317, 318, 319, 320, 321, 323, 324, 325, 326, 327, 328, 329, 330, 332, 333, 335, 336, 337, 339, 341, 343, 346, 367, 377, 379, 380, 381, 382, 383, 384, 385, 388, 400, 408, 411, 433, 436, 437, 438, 442, 443, 444, 445, 448, 449, 451, 454, 458, 459, 463, 466, 467, 468, 469, 470, 472, 475, 500, 540, 547, 549, 550, 552, 553, 555, 556, 558, 561, 592, 593, 594, 597, 602, 603, 606, 607, 608, 609, 610, 611, 612, 613, 620, 621, 622, 624, 625, 630, 638, 639, 640, 641, 642, 643, 644, 645, 646, 658, 659, 660, 661, 662, 664, 665, 666, 669, 686, 687, 690, 705, 710, 711, 712, 713, 714, 717, 721, 723, 728, 729, 733, 734, 740, 741, 742, 743, 746, 748, 751, 768, 769, 770, 771, 774, 775, 776, 778, 780, 783, 829, 841, 842, 843, 844, 845, 846, 854, 857, 870, 872, 873, 875, 878, 903, 904, 905, 912, 913, 914, 915, 916, 917, 918, 919, 920, 921, 922, 923, 924, 925, 926, 927, 929, 930, 931, 932, 933, 934, 935, 936, 937, 938, 939, 940, 941, 942, 946, 947, 948, 949, 950, 951, 952, 953, 956, 957, 958, 961, 962, 965, 966, 970, 971, 972, 973, 975, 976, 977, 979, 982, 1001, 1002, 1003, 1004, 1005, 1006, 1008, 1022, 1023, 1024, 1025, 1026, 1027, 1028, 1029, 1030, 1031, 1032, 1033, 1034, 1035, 1036, 1037, 1038, 1040, 1041, 1043, 1044, 1045, 1046, 1048, 1049, 1050, 1051, 1052, 1054, 1055, 1056, 1060, 1061, 1062, 1063, 1064, 1067, 1068, 1072, 1073, 1075, 1079, 1081, 1082, 1083, 1085, 1088, 1107, 1108, 1109, 1110, 1111, 1112, 1113, 1116, 1117, 1118, 1119, 1120, 1123, 1124, 1125, 1126, 1127, 1128, 1129, 1130, 1131, 1132, 1133, 1134, 1135, 1136, 1144, 1145, 1146, 1147, 1148, 1149, 1151, 1154, 1167, 1170, 1184, 1185, 1186, 1187, 1188, 1193, 1194, 1196, 1197, 1198, 1199, 1201, 1204, 1219, 1220, 1221, 1222, 1223, 1229, 1230, 1231, 1232, 1233, 1235, 1236, 1239, 1257, 1272, 1273, 1279, 1289, 1305, 1314, 1326, 1335, 1347, 1351, 1355, 1359, 1381, 1393, 1397, 1402, 1414, 1415, 1416, 1417, 1418, 1420, 1423, 1437, 1438, 1439, 1440, 1441, 1442, 1443, 1444, 1446, 1447, 1449, 1450, 1451, 1452, 1454, 1455, 1456, 1457, 1462, 1463, 1464, 1466, 1467, 1468, 1470, 1471, 1472, 1476, 1477, 1478, 1479, 1482, 1486, 1489, 1519, 1520, 1522, 1523, 1524, 1526, 1527, 1528, 1529, 1530, 1531, 1532, 1535, 1564, 1572, 1573, 1574, 1575, 1576, 1577, 1578, 1579, 1583, 1584, 1585, 1589, 1590, 1591, 1593, 1602, 1604, 1605, 1606, 1607, 1609, 1610, 1616, 1617, 1620, 1639, 1651, 1652, 1653, 1654, 1656], "summary": {"covered_lines": 544, "num_statements": 724, "percent_covered": 75.13812154696133, "percent_covered_display": "75", "missing_lines": 180, "excluded_lines": 0}, "missing_lines": [276, 277, 278, 281, 282, 284, 285, 286, 287, 288, 289, 290, 291, 292, 293, 295, 297, 299, 356, 357, 358, 359, 360, 361, 362, 364, 378, 446, 460, 484, 485, 486, 487, 491, 494, 495, 497, 504, 509, 510, 512, 513, 514, 515, 516, 517, 519, 520, 524, 525, 526, 527, 528, 529, 533, 534, 535, 537, 595, 596, 598, 599, 615, 616, 617, 618, 623, 627, 722, 796, 797, 799, 800, 801, 802, 803, 804, 807, 808, 811, 812, 813, 814, 816, 817, 818, 819, 821, 823, 824, 826, 848, 871, 960, 964, 968, 1138, 1189, 1224, 1247, 1248, 1249, 1250, 1252, 1253, 1254, 1264, 1265, 1266, 1267, 1269, 1283, 1284, 1285, 1286, 1287, 1298, 1299, 1300, 1301, 1302, 1303, 1311, 1312, 1320, 1321, 1322, 1324, 1332, 1333, 1341, 1342, 1343, 1344, 1345, 1349, 1353, 1357, 1361, 1362, 1363, 1365, 1367, 1369, 1370, 1372, 1373, 1375, 1376, 1377, 1378, 1379, 1383, 1384, 1385, 1386, 1387, 1388, 1389, 1390, 1391, 1395, 1399, 1553, 1555, 1556, 1557, 1559, 1561, 1608, 1627, 1628, 1629, 1630, 1631, 1632, 1633, 1634, 1635, 1636], "excluded_lines": []}, "/home/lauri/repositories/matid/matid/symmetry/__init__.py": {"executed_lines": [1, 2], "summary": {"covered_lines": 2, "num_statements": 2, "percent_covered": 100.0, "percent_covered_display": "100", "missing_lines": 0, "excluded_lines": 0}, "missing_lines": [], "excluded_lines": []}, "/home/lauri/repositories/matid/matid/symmetry/symmetryanalyzer.py": {"executed_lines": [1, 2, 3, 4, 6, 7, 9, 10, 11, 12, 13, 14, 15, 16, 18, 21, 22, 24, 32, 33, 34, 35, 36, 38, 40, 42, 44, 45, 52, 53, 54, 57, 58, 59, 61, 67, 68, 71, 72, 73, 74, 75, 76, 77, 78, 85, 87, 89, 90, 91, 92, 94, 95, 96, 98, 99, 100, 101, 103, 104, 105, 107, 109, 117, 118, 119, 120, 121, 122, 123, 124, 125, 126, 127, 128, 129, 132, 133, 136, 137, 141, 146, 147, 149, 151, 156, 157, 159, 161, 166, 167, 169, 171, 176, 177, 179, 181, 188, 189, 191, 193, 201, 202, 203, 204, 205, 206, 207, 209, 211, 217, 218, 219, 220, 221, 222, 223, 224, 226, 241, 242, 244, 246, 277, 278, 281, 284, 287, 289, 301, 304, 305, 306, 307, 309, 313, 314, 315, 317, 319, 328, 329, 332, 333, 336, 337, 341, 342, 343, 344, 347, 348, 349, 351, 352, 353, 354, 355, 357, 358, 364, 370, 371, 372, 373, 374, 379, 380, 381, 389, 390, 391, 392, 404, 405, 406, 407, 408, 409, 410, 411, 412, 415, 419, 420, 421, 422, 423, 424, 429, 433, 434, 435, 436, 442, 450, 451, 453, 455, 463, 464, 466, 468, 474, 475, 477, 479, 484, 485, 486, 487, 488, 489, 490, 491, 493, 495, 504, 505, 507, 513, 514, 515, 517, 531, 532, 533, 534, 535, 544, 546, 553, 555, 557, 563, 565, 567, 574, 576, 578, 580, 581, 583, 586, 587, 595, 598, 600, 602, 609, 612, 613, 614, 615, 616, 618, 619, 621, 626, 627, 629, 631, 637, 643, 645, 647, 653, 654, 655, 656, 657, 660, 662, 668, 669, 670, 671, 672, 676, 678, 692, 693, 695, 697, 708, 709, 714, 716, 730, 731, 733, 735, 767, 774, 775, 776, 777, 778, 780, 788, 789, 790, 791, 792, 794, 803, 804, 805, 806, 807, 809, 811, 841, 845, 846, 848, 887, 888, 889, 892, 893, 894, 898, 899, 900, 901, 902, 905, 906, 908, 914, 916, 918, 920, 921, 922, 923, 925, 927, 929, 935, 937, 972, 993, 994, 997, 998, 999, 1006, 1010, 1011, 1012, 1013, 1016, 1020, 1022, 1023, 1024, 1025, 1027, 1029, 1075, 1076, 1081, 1082, 1087, 1088, 1089, 1092, 1093, 1094, 1095, 1096, 1100, 1101, 1102, 1103, 1104, 1105, 1106, 1107, 1108, 1109, 1110, 1112, 1113, 1114, 1115, 1118, 1119, 1120, 1121, 1122, 1123, 1126, 1127, 1130, 1131, 1132, 1133, 1134, 1135, 1136, 1137, 1138, 1139, 1140, 1141, 1142, 1143, 1144, 1145, 1146, 1147, 1148, 1152, 1153, 1154, 1155, 1156, 1157, 1158, 1160, 1161, 1163, 1166, 1167, 1171, 1172, 1173, 1174, 1175, 1176, 1177, 1178, 1181, 1182, 1183, 1184, 1188, 1191, 1194, 1195, 1197, 1199, 1248, 1249, 1250, 1251, 1252, 1255, 1256, 1257, 1258, 1260, 1267, 1268, 1272, 1273, 1274, 1275, 1278, 1279, 1280, 1281, 1282, 1283, 1284, 1285, 1289, 1290, 1293, 1294, 1295, 1296, 1297, 1298, 1299, 1300, 1313, 1319, 1320, 1321, 1327, 1331, 1332, 1333, 1334, 1335, 1336, 1337, 1338, 1339, 1343, 1349, 1353, 1354, 1355, 1356, 1357, 1358, 1361, 1366, 1367, 1368, 1376, 1377, 1378, 1380, 1395, 1396, 1397, 1403, 1404, 1408], "summary": {"covered_lines": 514, "num_statements": 557, "percent_covered": 92.28007181328546, "percent_covered_display": "92", "missing_lines": 43, "excluded_lines": 0}, "missing_lines": [80, 279, 285, 302, 382, 425, 438, 554, 564, 575, 590, 591, 596, 610, 742, 743, 745, 746, 747, 748, 750, 761, 762, 763, 765, 955, 956, 958, 960, 961, 962, 964, 965, 967, 968, 970, 1159, 1162, 1168, 1169, 1374, 1375, 1381], "excluded_lines": []}, "/home/lauri/repositories/matid/matid/symmetry/wyckoffset.py": {"executed_lines": [1, 4, 5, 9, 38, 39, 40, 41, 42, 43, 44, 45, 46, 47, 49, 64, 67, 68, 70, 72, 74, 76, 78, 79, 82, 84, 85, 88, 90, 91, 94, 97], "summary": {"covered_lines": 31, "num_statements": 52, "percent_covered": 59.61538461538461, "percent_covered_display": "60", "missing_lines": 21, "excluded_lines": 0}, "missing_lines": [50, 51, 56, 57, 58, 59, 60, 61, 62, 65, 69, 71, 73, 75, 77, 80, 83, 86, 89, 92, 95], "excluded_lines": []}, "/home/lauri/repositories/matid/matid/utils/__init__.py": {"executed_lines": [1], "summary": {"covered_lines": 0, "num_statements": 0, "percent_covered": 100.0, "percent_covered_display": "100", "missing_lines": 0, "excluded_lines": 0}, "missing_lines": [], "excluded_lines": []}, "/home/lauri/repositories/matid/matid/utils/exceptions.py": {"executed_lines": [1, 2, 3, 4, 7, 8, 10, 13, 14, 16], "summary": {"covered_lines": 8, "num_statements": 8, "percent_covered": 100.0, "percent_covered_display": "100", "missing_lines": 0, "excluded_lines": 0}, "missing_lines": [], "excluded_lines": []}, "/home/lauri/repositories/matid/matid/utils/segfault_protect.py": {"executed_lines": [1, 3, 6, 7, 10, 14, 15, 16], "summary": {"covered_lines": 7, "num_statements": 7, "percent_covered": 100.0, "percent_covered_display": "100", "missing_lines": 0, "excluded_lines": 0}, "missing_lines": [], "excluded_lines": []}, "/home/lauri/repositories/matid/matid/utils/surfacegenerator.py": {"executed_lines": [], "summary": {"covered_lines": 0, "num_statements": 6, "percent_covered": 0.0, "percent_covered_display": "0", "missing_lines": 6, "excluded_lines": 0}, "missing_lines": [1, 4, 14, 21, 35, 37], "excluded_lines": []}}, "totals": {"covered_lines": 2453, "num_statements": 2854, "percent_covered": 85.94954449894884, "percent_covered_display": "86", "missing_lines": 401, "excluded_lines": 0}}